\BOOKMARK [1][-]{section*.2}{\376\377\000R\000E\000S\000U\000M\000E\000N\000\040\000E\000J\000E\000C\000U\000T\000I\000V\000O}{}% 1
\BOOKMARK [1][-]{section*.3}{\376\377\0001\000.\000\040\000O\000B\000J\000E\000T\000I\000V\000O\000S}{}% 2
\BOOKMARK [2][-]{section*.4}{\376\377\0001\000.\0001\000.\000\040\000O\000b\000j\000e\000t\000i\000v\000o\000\040\000g\000e\000n\000e\000r\000a\000l}{section*.3}% 3
\BOOKMARK [2][-]{section*.5}{\376\377\0001\000.\0002\000.\000\040\000O\000b\000j\000e\000t\000i\000v\000o\000s\000\040\000e\000s\000p\000e\000c\000\355\000f\000i\000c\000o\000s}{section*.3}% 4
\BOOKMARK [1][-]{section*.6}{\376\377\0002\000.\000\040\000A\000N\000T\000E\000C\000E\000D\000E\000N\000T\000E\000S}{}% 5
\BOOKMARK [2][-]{section*.7}{\376\377\0002\000.\0001\000.\000\040\000A\000n\000t\000e\000c\000e\000d\000e\000n\000t\000e\000s\000\040\000g\000e\000n\000e\000r\000a\000l\000e\000s}{section*.6}% 6
\BOOKMARK [2][-]{section*.8}{\376\377\0002\000.\0002\000.\000\040\000A\000n\000t\000e\000c\000e\000d\000e\000n\000t\000e\000s\000\040\000d\000e\000\040\000l\000a\000\040\000p\000e\000s\000q\000u\000e\000r\000\355\000a}{section*.6}% 7
\BOOKMARK [2][-]{section*.9}{\376\377\0002\000.\0003\000.\000\040\000R\000e\000v\000i\000s\000i\000\363\000n\000\040\000d\000e\000\040\000a\000s\000p\000e\000c\000t\000o\000s\000\040\000b\000i\000o\000l\000\363\000g\000i\000c\000o\000s}{section*.6}% 8
\BOOKMARK [2][-]{section*.10}{\376\377\0002\000.\0003\000.\0001\000\040\000E\000s\000t\000r\000c\000u\000t\000u\000r\000a\000\040\000p\000o\000b\000l\000a\000c\000i\000o\000n\000a\000l}{section*.6}% 9
\BOOKMARK [2][-]{section*.11}{\376\377\0002\000.\0003\000.\0002\000\040\000M\000o\000r\000t\000a\000l\000i\000d\000a\000d\000\040\000n\000a\000t\000u\000r\000a\000l\000,\000\040\000c\000r\000e\000c\000i\000m\000i\000e\000n\000t\000o\000\040\000y\000\040\000m\000a\000d\000u\000r\000e\000z}{section*.6}% 10
\BOOKMARK [2][-]{section*.12}{\376\377\0002\000.\0003\000.\0003\000\040\000\311\000p\000o\000c\000a\000\040\000y\000\040\000z\000o\000n\000a\000\040\000d\000e\000\040\000d\000e\000s\000o\000v\000e}{section*.6}% 11
\BOOKMARK [2][-]{section*.13}{\376\377\0002\000.\0003\000.\0004\000\040\000M\000i\000g\000r\000a\000c\000i\000o\000n\000e\000s}{section*.6}% 12
\BOOKMARK [2][-]{section*.14}{\376\377\0002\000.\0003\000.\0005\000\040\000Z\000o\000n\000a\000\040\000d\000e\000\040\000c\000o\000n\000c\000e\000n\000t\000r\000a\000c\000i\000\363\000n\000\040\000d\000e\000\040\000l\000a\000r\000v\000a\000s\000\040\000y\000\040\000j\000u\000v\000e\000n\000i\000l\000e\000s}{section*.6}% 13
\BOOKMARK [1][-]{section*.15}{\376\377\0003\000.\000\040\000M\000E\000T\000O\000D\000O\000L\000O\000G\000\315\000A\000\040\000D\000E\000\040\000T\000R\000A\000B\000A\000J\000O}{}% 14
\BOOKMARK [2][-]{section*.16}{\376\377\0003\000.\0001\000.\000\040\000O\000b\000j\000e\000t\000i\000v\000o\000\040\000e\000s\000p\000e\000c\000\355\000f\000i\000c\000o\000\040\0001\000:}{section*.15}% 15
\BOOKMARK [2][-]{section*.17}{\376\377\0003\000.\0001\000.\0001\000\040\000I\000n\000f\000o\000r\000m\000a\000c\000i\000\363\000n\000\040\000b\000i\000o\000l\000\363\000g\000i\000c\000o\000-\000p\000e\000s\000q\000u\000e\000r\000a}{section*.15}% 16
\BOOKMARK [2][-]{section*.18}{\376\377\0003\000.\0001\000.\0002\000\040\000E\000s\000t\000a\000n\000d\000a\000r\000i\000z\000a\000c\000i\000\363\000n\000\040\000C\000P\000U\000E\000\040\000d\000e\000\040\000t\000a\000z\000a\000s\000\040\000d\000e\000\040\000c\000a\000p\000t\000u\000r\000a\000\040\000f\000l\000o\000t\000a\000\040\000i\000n\000d\000u\000s\000t\000r\000i\000a\000l}{section*.15}% 17
\BOOKMARK [2][-]{section*.19}{\376\377\0003\000.\0001\000.\0003\000\040\000M\000o\000d\000e\000l\000o\000\040\000d\000e\000\040\000e\000v\000a\000l\000u\000a\000c\000i\000\363\000n\000\040\000d\000e\000\040\000s\000t\000o\000c\000k}{section*.15}% 18
\BOOKMARK [2][-]{section*.20}{\376\377\0003\000.\0001\000.\0004\000\040\000A\000n\000\341\000l\000i\000s\000i\000s\000\040\000r\000e\000t\000r\000o\000s\000p\000e\000c\000t\000i\000v\000o}{section*.15}% 19
\BOOKMARK [2][-