This is pdfTeX, Version 3.14159265-2.6-1.40.21 (TeX Live 2020/W32TeX) (preloaded format=pdflatex 2021.1.12)  19 JAN 2021 16:41
entering extended mode
 restricted \write18 enabled.
 %&-line parsing enabled.
**Informe_msur.tex
(./Informe_msur.tex
LaTeX2e <2020-10-01> patch level 4
L3 programming layer <2021-01-09> xparse <2020-03-03>
(c:/Users/macristina.perez/AppData/Roaming/TinyTeX/texmf-dist/tex/latex/base/ar
ticle.cls
Document Class: article 2020/04/10 v1.4m Standard LaTeX document class

(c:/Users/macristina.perez/AppData/Roaming/TinyTeX/texmf-dist/tex/latex/base/si
ze10.clo
File: size10.clo 2020/04/10 v1.4m Standard LaTeX file (size option)
)
\c@part=\count177
\c@section=\count178
\c@subsection=\count179
\c@subsubsection=\count180
\c@paragraph=\count181
\c@subparagraph=\count182
\c@figure=\count183
\c@table=\count184
\abovecaptionskip=\skip47
\belowcaptionskip=\skip48
\bibindent=\dimen138
)
(c:/Users/macristina.perez/AppData/Roaming/TinyTeX/texmf-dist/tex/latex/lm/lmod
ern.sty
Package: lmodern 2009/10/30 v1.6 Latin Modern Fonts
LaTeX Font Info:    Overwriting symbol font `operators' in version `normal'
(Font)                  OT1/cmr/m/n --> OT1/lmr/m/n on input line 22.
LaTeX Font Info:    Overwriting symbol font `letters' in version `normal'
(Font)                  OML/cmm/m/it --> OML/lmm/m/it on input line 23.
LaTeX Font Info:    Overwriting symbol font `symbols' in version `normal'
(Font)                  OMS/cmsy/m/n --> OMS/lmsy/m/n on input line 24.
LaTeX Font Info:    Overwriting symbol font `largesymbols' in version `normal'
(Font)                  OMX/cmex/m/n --> OMX/lmex/m/n on input line 25.
LaTeX Font Info:    Overwriting symbol font `operators' in version `bold'
(Font)                  OT1/cmr/bx/n --> OT1/lmr/bx/n on input line 26.
LaTeX Font Info:    Overwriting symbol font `letters' in version `bold'
(Font)                  OML/cmm/b/it --> OML/lmm/b/it on input line 27.
LaTeX Font Info:    Overwriting symbol font `symbols' in version `bold'
(Font)                  OMS/cmsy/b/n --> OMS/lmsy/b/n on input line 28.
LaTeX Font Info:    Overwriting symbol font `largesymbols' in version `bold'
(Font)                  OMX/cmex/m/n --> OMX/lmex/m/n on input line 29.
LaTeX Font Info:    Overwriting math alphabet `\mathbf' in version `normal'
(Font)                  OT1/cmr/bx/n --> OT1/lmr/bx/n on input line 31.
LaTeX Font Info:    Overwriting math alphabet `\mathsf' in version `normal'
(Font)                  OT1/cmss/m/n --> OT1/lmss/m/n on input line 32.
LaTeX Font Info:    Overwriting math alphabet `\mathit' in version `normal'
(Font)                  OT1/cmr/m/it --> OT1/lmr/m/it on input line 33.
LaTeX Font Info:    Overwriting math alphabet `\mathtt' in version `normal'
(Font)                  OT1/cmtt/m/n --> OT1/lmtt/m/n on input line 34.
LaTeX Font Info:    Overwriting math alphabet `\mathbf' in version `bold'
(Font)                  OT1/cmr/bx/n --> OT1/lmr/bx/n on input line 35.
LaTeX Font Info:    Overwriting math alphabet `\mathsf' in version `bold'
(Font)                  OT1/cmss/bx/n --> OT1/lmss/bx/n on input line 36.
LaTeX Font Info:    Overwriting math alphabet `\mathit' in version `bold'
(Font)                  OT1/cmr/bx/it --> OT1/lmr/bx/it on input line 37.
LaTeX Font Info:    Overwriting math alphabet `\mathtt' in version `bold'
(Font)                  OT1/cmtt/m/n --> OT1/lmtt/m/n on input line 38.
)
(c:/Users/macristina.perez/AppData/Roaming/TinyTeX/texmf-dist/tex/latex/amsmath
/amsmath.sty
Package: amsmath 2020/09/23 v2.17i AMS math features
\@mathmargin=\skip49
For additional information on amsmath, use the `?' option.

(c:/Users/macristina.perez/AppData/Roaming/TinyTeX/texmf-dist/tex/latex/amsmath
/amstext.sty
Package: amstext 2000/06/29 v2.01 AMS text

(c:/Users/macristina.perez/AppData/Roaming/TinyTeX/texmf-dist/tex/latex/amsmath
/amsgen.sty
File: amsgen.sty 1999/11/30 v2.0 generic functions
\@emptytoks=\toks15
\ex@=\dimen139
))
(c:/Users/macristina.perez/AppData/Roaming/TinyTeX/texmf-dist/tex/latex/amsmath
/amsbsy.sty
Package: amsbsy 1999/11/29 v1.2d Bold Symbols
\pmbraise@=\dimen140
)
(c:/Users/macristina.perez/AppData/Roaming/TinyTeX/texmf-dist/tex/latex/amsmath
/amsopn.sty
Package: amsopn 2016/03/08 v2.02 operator names
)
\inf@bad=\count185
LaTeX Info: Redefining \frac on input line 234.
\uproot@=\count186
\leftroot@=\count187
LaTeX Info: Redefining \overline on input line 399.
\classnum@=\count188
\DOTSCASE@=\count189
LaTeX Info: Redefining \ldots on input line 496.
LaTeX Info: Redefining \dots on input line 499.
LaTeX Info: Redefining \cdots on input line 620.
\Mathstrutbox@=\box47
\strutbox@=\box48
\big@size=\dimen141
LaTeX Font Info:    Redeclaring font encoding OML on input line 743.
LaTeX Font Info:    Redeclaring font encoding OMS on input line 744.
\macc@depth=\count190
\c@MaxMatrixCols=\count191
\dotsspace@=\muskip16
\c@parentequation=\count192
\dspbrk@lvl=\count193
\tag@help=\toks16
\row@=\count194
\column@=\count195
\maxfields@=\count196
\andhelp@=\toks17
\eqnshift@=\dimen142
\alignsep@=\dimen143
\tagshift@=\dimen144
\tagwidth@=\dimen145
\totwidth@=\dimen146
\lineht@=\dimen147
\@envbody=\toks18
\multlinegap=\skip50
\multlinetaggap=\skip51
\mathdisplay@stack=\toks19
LaTeX Info: Redefining \[ on input line 2923.
LaTeX Info: Redefining \] on input line 2924.
)
(c:/Users/macristina.perez/AppData/Roaming/TinyTeX/texmf-dist/tex/generic/iftex
/ifxetex.sty
Package: ifxetex 2019/10/25 v0.7 ifxetex legacy package. Use iftex instead.

(c:/Users/macristina.perez/AppData/Roaming/TinyTeX/texmf-dist/tex/generic/iftex
/iftex.sty
Package: iftex 2020/03/06 v1.0d TeX engine tests
))
(c:/Users/macristina.perez/AppData/Roaming/TinyTeX/texmf-dist/tex/generic/iftex
/ifluatex.sty
Package: ifluatex 2019/10/25 v1.5 ifluatex legacy package. Use iftex instead.
)
(c:/Users/macristina.perez/AppData/Roaming/TinyTeX/texmf-dist/tex/latex/base/fo
ntenc.sty
Package: fontenc 2020/08/10 v2.0s Standard LaTeX package
LaTeX Font Info:    Trying to load font information for T1+lmr on input line 11
2.

(c:/Users/macristina.perez/AppData/Roaming/TinyTeX/texmf-dist/tex/latex/lm/t1lm
r.fd
File: t1lmr.fd 2009/10/30 v1.6 Font defs for Latin Modern
))
(c:/Users/macristina.perez/AppData/Roaming/TinyTeX/texmf-dist/tex/latex/base/in
putenc.sty
Package: inputenc 2020/08/01 v1.3d Input encoding file
\inpenc@prehook=\toks20
\inpenc@posthook=\toks21
)
(c:/Users/macristina.perez/AppData/Roaming/TinyTeX/texmf-dist/tex/latex/base/te
xtcomp.sty
Package: textcomp 2020/02/02 v2.0n Standard LaTeX package
)
(c:/Users/macristina.perez/AppData/Roaming/TinyTeX/texmf-dist/tex/latex/amsfont
s/amssymb.sty
Package: amssymb 2013/01/14 v3.01 AMS font symbols

(c:/Users/macristina.perez/AppData/Roaming/TinyTeX/texmf-dist/tex/latex/amsfont
s/amsfonts.sty
Package: amsfonts 2013/01/14 v3.01 Basic AMSFonts support
\symAMSa=\mathgroup4
\symAMSb=\mathgroup5
LaTeX Font Info:    Redeclaring math symbol \hbar on input line 98.
LaTeX Font Info:    Overwriting math alphabet `\mathfrak' in version `bold'
(Font)                  U/euf/m/n --> U/euf/b/n on input line 106.
))
(c:/Users/macristina.perez/AppData/Roaming/TinyTeX/texmf-dist/tex/latex/parskip
/parskip.sty
Package: parskip 2020-06-15 v2.0f non-zero parskip adjustments

(c:/Users/macristina.perez/AppData/Roaming/TinyTeX/texmf-dist/tex/latex/kvoptio
ns/kvoptions.sty
Package: kvoptions 2020-10-07 v3.14 Key value format for package options (HO)

(c:/Users/macristina.perez/AppData/Roaming/TinyTeX/texmf-dist/tex/latex/graphic
s/keyval.sty
Package: keyval 2014/10/28 v1.15 key=value parser (DPC)
\KV@toks@=\toks22
)
(c:/Users/macristina.perez/AppData/Roaming/TinyTeX/texmf-dist/tex/generic/ltxcm
ds/ltxcmds.sty
Package: ltxcmds 2020-05-10 v1.25 LaTeX kernel commands for general use (HO)
)
(c:/Users/macristina.perez/AppData/Roaming/TinyTeX/texmf-dist/tex/generic/kvset
keys/kvsetkeys.sty
Package: kvsetkeys 2019/12/15 v1.18 Key value parser (HO)
))
(c:/Users/macristina.perez/AppData/Roaming/TinyTeX/texmf-dist/tex/latex/etoolbo
x/etoolbox.sty
Package: etoolbox 2020/10/05 v2.5k e-TeX tools for LaTeX (JAW)
\etb@tempcnta=\count197
))
(c:/Users/macristina.perez/AppData/Roaming/TinyTeX/texmf-dist/tex/latex/xcolor/
xcolor.sty
Package: xcolor 2016/05/11 v2.12 LaTeX color extensions (UK)

(c:/Users/macristina.perez/AppData/Roaming/TinyTeX/texmf-dist/tex/latex/graphic
s-cfg/color.cfg
File: color.cfg 2016/01/02 v1.6 sample color configuration
)
Package xcolor Info: Driver file: pdftex.def on input line 225.

(c:/Users/macristina.perez/AppData/Roaming/TinyTeX/texmf-dist/tex/latex/graphic
s-def/pdftex.def
File: pdftex.def 2020/10/05 v1.2a Graphics/color driver for pdftex
)
Package xcolor Info: Model `cmy' substituted by `cmy0' on input line 1348.
Package xcolor Info: Model `hsb' substituted by `rgb' on input line 1352.
Package xcolor Info: Model `RGB' extended on input line 1364.
Package xcolor Info: Model `HTML' substituted by `rgb' on input line 1366.
Package xcolor Info: Model `Hsb' substituted by `hsb' on input line 1367.
Package xcolor Info: Model `tHsb' substituted by `hsb' on input line 1368.
Package xcolor Info: Model `HSB' substituted by `hsb' on input line 1369.
Package xcolor Info: Model `Gray' substituted by `gray' on input line 1370.
Package xcolor Info: Model `wave' substituted by `hsb' on input line 1371.
)
(c:/Users/macristina.perez/AppData/Roaming/TinyTeX/texmf-dist/tex/latex/hyperre
f/hyperref.sty
Package: hyperref 2020-05-15 v7.00e Hypertext links for LaTeX

(c:/Users/macristina.perez/AppData/Roaming/TinyTeX/texmf-dist/tex/generic/pdfte
xcmds/pdftexcmds.sty
Package: pdftexcmds 2020-06-27 v0.33 Utility functions of pdfTeX for LuaTeX (HO
)

(c:/Users/macristina.perez/AppData/Roaming/TinyTeX/texmf-dist/tex/generic/infwa
rerr/infwarerr.sty
Package: infwarerr 2019/12/03 v1.5 Providing info/warning/error messages (HO)
)
Package pdftexcmds Info: \pdf@primitive is available.
Package pdftexcmds Info: \pdf@ifprimitive is available.
Package pdftexcmds Info: \pdfdraftmode found.
)
(c:/Users/macristina.perez/AppData/Roaming/TinyTeX/texmf-dist/tex/generic/kvdef
inekeys/kvdefinekeys.sty
Package: kvdefinekeys 2019-12-19 v1.6 Define keys (HO)
)
(c:/Users/macristina.perez/AppData/Roaming/TinyTeX/texmf-dist/tex/generic/pdfes
cape/pdfescape.sty
Package: pdfescape 2019/12/09 v1.15 Implements pdfTeX's escape features (HO)
)
(c:/Users/macristina.perez/AppData/Roaming/TinyTeX/texmf-dist/tex/latex/hycolor
/hycolor.sty
Package: hycolor 2020-01-27 v1.10 Color options for hyperref/bookmark (HO)
)
(c:/Users/macristina.perez/AppData/Roaming/TinyTeX/texmf-dist/tex/latex/letltxm
acro/letltxmacro.sty
Package: letltxmacro 2019/12/03 v1.6 Let assignment for LaTeX macros (HO)
)
(c:/Users/macristina.perez/AppData/Roaming/TinyTeX/texmf-dist/tex/latex/auxhook
/auxhook.sty
Package: auxhook 2019-12-17 v1.6 Hooks for auxiliary files (HO)
)
\@linkdim=\dimen148
\Hy@linkcounter=\count198
\Hy@pagecounter=\count199

(c:/Users/macristina.perez/AppData/Roaming/TinyTeX/texmf-dist/tex/latex/hyperre
f/pd1enc.def
File: pd1enc.def 2020-05-15 v7.00e Hyperref: PDFDocEncoding definition (HO)
Now handling font encoding PD1 ...
... no UTF-8 mapping file for font encoding PD1
)
(c:/Users/macristina.perez/AppData/Roaming/TinyTeX/texmf-dist/tex/generic/intca
lc/intcalc.sty
Package: intcalc 2019/12/15 v1.3 Expandable calculations with integers (HO)
)
(c:/Users/macristina.perez/AppData/Roaming/TinyTeX/texmf-dist/tex/generic/etexc
mds/etexcmds.sty
Package: etexcmds 2019/12/15 v1.7 Avoid name clashes with e-TeX commands (HO)
)
\Hy@SavedSpaceFactor=\count266
Package hyperref Info: Option `unicode' set `true' on input line 4338.

(c:/Users/macristina.perez/AppData/Roaming/TinyTeX/texmf-dist/tex/latex/hyperre
f/puenc.def
File: puenc.def 2020-05-15 v7.00e Hyperref: PDF Unicode definition (HO)
Now handling font encoding PU ...
... no UTF-8 mapping file for font encoding PU
)
Package hyperref Info: Hyper figures OFF on input line 4464.
Package hyperref Info: Link nesting OFF on input line 4469.
Package hyperref Info: Hyper index ON on input line 4472.
Package hyperref Info: Plain pages OFF on input line 4479.
Package hyperref Info: Backreferencing OFF on input line 4484.
Package hyperref Info: Implicit mode ON; LaTeX internals redefined.
Package hyperref Info: Bookmarks ON on input line 4717.
\c@Hy@tempcnt=\count267

(c:/Users/macristina.perez/AppData/Roaming/TinyTeX/texmf-dist/tex/latex/url/url
.sty
\Urlmuskip=\muskip17
Package: url 2013/09/16  ver 3.4  Verb mode for urls, etc.
)
LaTeX Info: Redefining \url on input line 5076.
\XeTeXLinkMargin=\dimen149

(c:/Users/macristina.perez/AppData/Roaming/TinyTeX/texmf-dist/tex/generic/bitse
t/bitset.sty
Package: bitset 2019/12/09 v1.3 Handle bit-vector datatype (HO)

(c:/Users/macristina.perez/AppData/Roaming/TinyTeX/texmf-dist/tex/generic/bigin
tcalc/bigintcalc.sty
Package: bigintcalc 2019/12/15 v1.5 Expandable calculations on big integers (HO
)
))
\Fld@menulength=\count268
\Field@Width=\dimen150
\Fld@charsize=\dimen151
Package hyperref Info: Hyper figures OFF on input line 6347.
Package hyperref Info: Link nesting OFF on input line 6352.
Package hyperref Info: Hyper index ON on input line 6355.
Package hyperref Info: backreferencing OFF on input line 6362.
Package hyperref Info: Link coloring OFF on input line 6367.
Package hyperref Info: Link coloring with OCG OFF on input line 6372.
Package hyperref Info: PDF/A mode OFF on input line 6377.
LaTeX Info: Redefining \ref on input line 6417.
LaTeX Info: Redefining \pageref on input line 6421.

(c:/Users/macristina.perez/AppData/Roaming/TinyTeX/texmf-dist/tex/latex/base/at
begshi-ltx.sty
Package: atbegshi-ltx 2020/08/17 v1.0a Emulation of the original atbegshi packa
ge
with kernel methods
)
\Hy@abspage=\count269
\c@Item=\count270
\c@Hfootnote=\count271
)
Package hyperref Info: Driver (autodetected): hpdftex.

(c:/Users/macristina.perez/AppData/Roaming/TinyTeX/texmf-dist/tex/latex/hyperre
f/hpdftex.def
File: hpdftex.def 2020-05-15 v7.00e Hyperref driver for pdfTeX

(c:/Users/macristina.perez/AppData/Roaming/TinyTeX/texmf-dist/tex/latex/base/at
veryend-ltx.sty
Package: atveryend-ltx 2020/08/19 v1.0a Emulation of the original atvery packag
e
with kernel methods
)
\Fld@listcount=\count272
\c@bookmark@seq@number=\count273

(c:/Users/macristina.perez/AppData/Roaming/TinyTeX/texmf-dist/tex/latex/rerunfi
lecheck/rerunfilecheck.sty
Package: rerunfilecheck 2019/12/05 v1.9 Rerun checks for auxiliary files (HO)

(c:/Users/macristina.perez/AppData/Roaming/TinyTeX/texmf-dist/tex/generic/uniqu
ecounter/uniquecounter.sty
Package: uniquecounter 2019/12/15 v1.4 Provide unlimited unique counter (HO)
)
Package uniquecounter Info: New unique counter `rerunfilecheck' on input line 2
86.
)
\Hy@SectionHShift=\skip52
)
(c:/Users/macristina.perez/AppData/Roaming/TinyTeX/texmf-dist/tex/latex/geometr
y/geometry.sty
Package: geometry 2020/01/02 v5.9 Page Geometry

(c:/Users/macristina.perez/AppData/Roaming/TinyTeX/texmf-dist/tex/generic/iftex
/ifvtex.sty
Package: ifvtex 2019/10/25 v1.7 ifvtex legacy package. Use iftex instead.
)
\Gm@cnth=\count274
\Gm@cntv=\count275
\c@Gm@tempcnt=\count276
\Gm@bindingoffset=\dimen152
\Gm@wd@mp=\dimen153
\Gm@odd@mp=\dimen154
\Gm@even@mp=\dimen155
\Gm@layoutwidth=\dimen156
\Gm@layoutheight=\dimen157
\Gm@layouthoffset=\dimen158
\Gm@layoutvoffset=\dimen159
\Gm@dimlist=\toks23
)
(c:/Users/macristina.perez/AppData/Roaming/TinyTeX/texmf-dist/tex/latex/tools/l
ongtable.sty
Package: longtable 2020/01/07 v4.13 Multi-page Table package (DPC)
\LTleft=\skip53
\LTright=\skip54
\LTpre=\skip55
\LTpost=\skip56
\LTchunksize=\count277
\LTcapwidth=\dimen160
\LT@head=\box49
\LT@firsthead=\box50
\LT@foot=\box51
\LT@lastfoot=\box52
\LT@cols=\count278
\LT@rows=\count279
\c@LT@tables=\count280
\c@LT@chunks=\count281
\LT@p@ftn=\toks24
)
(c:/Users/macristina.perez/AppData/Roaming/TinyTeX/texmf-dist/tex/latex/booktab
s/booktabs.sty
Package: booktabs 2020/01/12 v1.61803398 Publication quality tables
\heavyrulewidth=\dimen161
\lightrulewidth=\dimen162
\cmidrulewidth=\dimen163
\belowrulesep=\dimen164
\belowbottomsep=\dimen165
\aboverulesep=\dimen166
\abovetopsep=\dimen167
\cmidrulesep=\dimen168
\cmidrulekern=\dimen169
\defaultaddspace=\dimen170
\@cmidla=\count282
\@cmidlb=\count283
\@aboverulesep=\dimen171
\@belowrulesep=\dimen172
\@thisruleclass=\count284
\@lastruleclass=\count285
\@thisrulewidth=\dimen173
)
(c:/Users/macristina.perez/AppData/Roaming/TinyTeX/texmf-dist/tex/latex/tools/c
alc.sty
Package: calc 2017/05/25 v4.3 Infix arithmetic (KKT,FJ)
\calc@Acount=\count286
\calc@Bcount=\count287
\calc@Adimen=\dimen174
\calc@Bdimen=\dimen175
\calc@Askip=\skip57
\calc@Bskip=\skip58
LaTeX Info: Redefining \setlength on input line 80.
LaTeX Info: Redefining \addtolength on input line 81.
\calc@Ccount=\count288
\calc@Cskip=\skip59
)
(c:/Users/macristina.perez/AppData/Roaming/TinyTeX/texmf-dist/tex/latex/mdwtool
s/footnote.sty
Package: footnote 1997/01/28 1.13 Save footnotes around boxes
\fn@notes=\box53
\fn@width=\dimen176
)
(c:/Users/macristina.perez/AppData/Roaming/TinyTeX/texmf-dist/tex/latex/graphic
s/graphicx.sty
Package: graphicx 2020/09/09 v1.2b Enhanced LaTeX Graphics (DPC,SPQR)

(c:/Users/macristina.perez/AppData/Roaming/TinyTeX/texmf-dist/tex/latex/graphic
s/graphics.sty
Package: graphics 2020/08/30 v1.4c Standard LaTeX Graphics (DPC,SPQR)

(c:/Users/macristina.perez/AppData/Roaming/TinyTeX/texmf-dist/tex/latex/graphic
s/trig.sty
Package: trig 2016/01/03 v1.10 sin cos tan (DPC)
)
(c:/Users/macristina.perez/AppData/Roaming/TinyTeX/texmf-dist/tex/latex/graphic
s-cfg/graphics.cfg
File: graphics.cfg 2016/06/04 v1.11 sample graphics configuration
)
Package graphics Info: Driver file: pdftex.def on input line 105.
)
\Gin@req@height=\dimen177
\Gin@req@width=\dimen178
)
(c:/Users/macristina.perez/AppData/Roaming/TinyTeX/texmf-dist/tex/latex/draftwa
termark/draftwatermark.sty
Package: draftwatermark 2020/12/08 3.0 Put a gray textual watermark on document
 pages
)
(c:/Users/macristina.perez/AppData/Roaming/TinyTeX/texmf-dist/tex/latex/fancyhd
r/fancyhdr.sty
Package: fancyhdr 2021/01/04 v4.0 Extensive control of page headers and footers

\f@nch@headwidth=\skip60
\f@nch@O@elh=\skip61
\f@nch@O@erh=\skip62
\f@nch@O@olh=\skip63
\f@nch@O@orh=\skip64
\f@nch@O@elf=\skip65
\f@nch@O@erf=\skip66
\f@nch@O@olf=\skip67
\f@nch@O@orf=\skip68
)
(c:/Users/macristina.perez/AppData/Roaming/TinyTeX/texmf-dist/tex/latex/psnfss/
helvet.sty
Package: helvet 2020/03/25 PSNFSS-v9.3 (WaS) 
)

Package fancyhdr Warning: \fancyhead's `E' option without twoside option is use
less on input line 89.


Package fancyhdr Warning: \fancyhead's `E' option without twoside option is use
less on input line 90.


Package fancyhdr Warning: \fancyhead's `E' option without twoside option is use
less on input line 91.


(c:/Users/macristina.perez/AppData/Roaming/TinyTeX/texmf-dist/tex/generic/babel
/babel.sty
Package: babel 2020/12/16 3.52 The Babel package

(c:/Users/macristina.perez/AppData/Roaming/TinyTeX/texmf-dist/tex/generic/babel
/babel.def
File: babel.def 2020/12/16 3.52 Babel common definitions
\babel@savecnt=\count289
\U@D=\dimen179
\l@babelnohyphens=\language4

(c:/Users/macristina.perez/AppData/Roaming/TinyTeX/texmf-dist/tex/generic/babel
/txtbabel.def)
\bbl@readstream=\read2
)
\bbl@dirlevel=\count290

(c:/Users/macristina.perez/AppData/Roaming/TinyTeX/texmf-dist/tex/generic/babel
-spanish/spanish.ldf
Language: spanish.ldf 2016/03/03 v5.0p Spanish support from the babel system
\es@quottoks=\toks25
\es@quotdepth=\count291
)
(c:/Users/macristina.perez/AppData/Roaming/TinyTeX/texmf-dist/tex/generic/babel
-spanish/spanish.ldf
Language: spanish.ldf 2016/03/03 v5.0p Spanish support from the babel system
))
LaTeX Font Info:    Trying to load font information for T1+phv on input line 10
8.

(c:/Users/macristina.perez/AppData/Roaming/TinyTeX/texmf-dist/tex/latex/psnfss/
t1phv.fd
File: t1phv.fd 2020/03/25 scalable font definitions for T1/phv.
)
(c:/Users/macristina.perez/AppData/Roaming/TinyTeX/texmf-dist/tex/latex/l3backe
nd/l3backend-pdftex.def
File: l3backend-pdftex.def 2021-01-09 L3 backend support: PDF output (pdfTeX)
\l__kernel_color_stack_int=\count292
\l__pdf_internal_box=\box54
) (./Informe_msur.aux
LaTeX Info: Redefining \. on input line 22.
LaTeX Info: Redefining \% on input line 22.
)
\openout1 = `Informe_msur.aux'.

LaTeX Font Info:    Checking defaults for OML/cmm/m/it on input line 108.
LaTeX Font Info:    ... okay on input line 108.
LaTeX Font Info:    Checking defaults for OMS/cmsy/m/n on input line 108.
LaTeX Font Info:    ... okay on input line 108.
LaTeX Font Info:    Checking defaults for OT1/cmr/m/n on input line 108.
LaTeX Font Info:    ... okay on input line 108.
LaTeX Font Info:    Checking defaults for T1/cmr/m/n on input line 108.
LaTeX Font Info:    ... okay on input line 108.
LaTeX Font Info:    Checking defaults for TS1/cmr/m/n on input line 108.
LaTeX Font Info:    ... okay on input line 108.
LaTeX Font Info:    Checking defaults for OMX/cmex/m/n on input line 108.
LaTeX Font Info:    ... okay on input line 108.
LaTeX Font Info:    Checking defaults for U/cmr/m/n on input line 108.
LaTeX Font Info:    ... okay on input line 108.
LaTeX Font Info:    Checking defaults for PD1/pdf/m/n on input line 108.
LaTeX Font Info:    ... okay on input line 108.
LaTeX Font Info:    Checking defaults for PU/pdf/m/n on input line 108.
LaTeX Font Info:    ... okay on input line 108.

(c:/Users/macristina.perez/AppData/Roaming/TinyTeX/texmf-dist/tex/latex/epstopd
f-pkg/epstopdf-base.sty
Package: epstopdf-base 2020-01-24 v2.11 Base part for package epstopdf

(c:/Users/macristina.perez/AppData/Roaming/TinyTeX/texmf-dist/tex/latex/grfext/
grfext.sty
Package: grfext 2019/12/03 v1.3 Manage graphics extensions (HO)
)
Package epstopdf-base Info: Redefining graphics rule for `.eps' on input line 4
85.
Package grfext Info: Graphics extension search list:
(grfext)             [.pdf,.png,.jpg,.mps,.jpeg,.jbig2,.jb2,.PDF,.PNG,.JPG,.JPE
G,.JBIG2,.JB2,.eps]
(grfext)             \AppendGraphicsExtensions on input line 504.

(c:/Users/macristina.perez/AppData/Roaming/TinyTeX/texmf-dist/tex/latex/latexco
nfig/epstopdf-sys.cfg
File: epstopdf-sys.cfg 2010/07/13 v1.3 Configuration of (r)epstopdf for TeX Liv
e
))
Package hyperref Info: Link coloring OFF on input line 108.

(c:/Users/macristina.perez/AppData/Roaming/TinyTeX/texmf-dist/tex/latex/hyperre
f/nameref.sty
Package: nameref 2019/09/16 v2.46 Cross-referencing by name of section

(c:/Users/macristina.perez/AppData/Roaming/TinyTeX/texmf-dist/tex/latex/refcoun
t/refcount.sty
Package: refcount 2019/12/15 v3.6 Data extraction from label references (HO)
)
(c:/Users/macristina.perez/AppData/Roaming/TinyTeX/texmf-dist/tex/generic/getti
tlestring/gettitlestring.sty
Package: gettitlestring 2019/12/15 v1.6 Cleanup title references (HO)
)
\c@section@level=\count293
)
LaTeX Info: Redefining \ref on input line 108.
LaTeX Info: Redefining \pageref on input line 108.
LaTeX Info: Redefining \nameref on input line 108.
(./Informe_msur.out) (./Informe_msur.out)
\@outlinefile=\write3
\openout3 = `Informe_msur.out'.

*geometry* driver: auto-detecting
*geometry* detected driver: pdftex
*geometry* verbose mode - [ preamble ] result:
* driver: pdftex
* paper: <default>
* layout: <same size as paper>
* layoutoffset:(h,v)=(0.0pt,0.0pt)
* modes: 
* h-part:(L,W,R)=(71.13188pt, 472.03123pt, 71.13188pt)
* v-part:(T,H,B)=(42.67912pt, 723.83812pt, 28.45274pt)
* \paperwidth=614.295pt
* \paperheight=794.96999pt
* \textwidth=472.03123pt
* \textheight=658.0pt
* \oddsidemargin=-1.1381pt
* \evensidemargin=-1.1381pt
* \topmargin=-66.59087pt
* \headheight=70.0pt
* \headsep=25.0pt
* \topskip=10.0pt
* \footskip=5.0pt
* \marginparwidth=65.0pt
* \marginparsep=11.0pt
* \columnsep=10.0pt
* \skip\footins=9.0pt plus 4.0pt minus 2.0pt
* \hoffset=0.0pt
* \voffset=0.0pt
* \mag=1000
* \@twocolumnfalse
* \@twosidefalse
* \@mparswitchfalse
* \@reversemarginfalse
* (1in=72.27pt=25.4mm, 1cm=28.453pt)

LaTeX Info: Redefining \. on input line 108.
LaTeX Info: Redefining \% on input line 108.
(./Informe_msur.toc
LaTeX Info: Redefining \. on input line 1.
LaTeX Info: Redefining \% on input line 1.
LaTeX Font Info:    Trying to load font information for OT1+lmr on input line 4
.

(c:/Users/macristina.perez/AppData/Roaming/TinyTeX/texmf-dist/tex/latex/lm/ot1l
mr.fd
File: ot1lmr.fd 2009/10/30 v1.6 Font defs for Latin Modern
)
LaTeX Font Info:    Trying to load font information for OML+lmm on input line 4
.

(c:/Users/macristina.perez/AppData/Roaming/TinyTeX/texmf-dist/tex/latex/lm/omll
mm.fd
File: omllmm.fd 2009/10/30 v1.6 Font defs for Latin Modern
)
LaTeX Font Info:    Trying to load font information for OMS+lmsy on input line 
4.

(c:/Users/macristina.perez/AppData/Roaming/TinyTeX/texmf-dist/tex/latex/lm/omsl
msy.fd
File: omslmsy.fd 2009/10/30 v1.6 Font defs for Latin Modern
)
LaTeX Font Info:    Trying to load font information for OMX+lmex on input line 
4.

(c:/Users/macristina.perez/AppData/Roaming/TinyTeX/texmf-dist/tex/latex/lm/omxl
mex.fd
File: omxlmex.fd 2009/10/30 v1.6 Font defs for Latin Modern
)
LaTeX Font Info:    External font `lmex10' loaded for size
(Font)              <10> on input line 4.
LaTeX Font Info:    External font `lmex10' loaded for size
(Font)              <7> on input line 4.
LaTeX Font Info:    External font `lmex10' loaded for size
(Font)              <5> on input line 4.
LaTeX Font Info:    Trying to load font information for U+msa on input line 4.

(c:/Users/macristina.perez/AppData/Roaming/TinyTeX/texmf-dist/tex/latex/amsfont
s/umsa.fd
File: umsa.fd 2013/01/14 v3.01 AMS symbols A
)
LaTeX Font Info:    Trying to load font information for U+msb on input line 4.

(c:/Users/macristina.perez/AppData/Roaming/TinyTeX/texmf-dist/tex/latex/amsfont
s/umsb.fd
File: umsb.fd 2013/01/14 v3.01 AMS symbols B
))
\tf@toc=\write4
\openout4 = `Informe_msur.toc'.

<logoifop.png, id=239, 125.5089pt x 151.767pt>
File: logoifop.png Graphic file (type png)
<use logoifop.png>
Package pdftex.def Info: logoifop.png  used on input line 116.
(pdftex.def)             Requested size: 35.29353pt x 42.6774pt.

Package fancyhdr Warning: \footskip is too small (5.0pt): 
(fancyhdr)                Make it at least 7.875pt, for example:
(fancyhdr)                \setlength{\footskip}{7.875pt}.

[1{c:/Users/macristina.perez/AppData/Roaming/TinyTeX/texmf-var/fonts/map/pdftex
/updmap/pdftex.map}

 <./logoifop.png>]
File: logoifop.png Graphic file (type png)
<use logoifop.png>
Package pdftex.def Info: logoifop.png  used on input line 120.
(pdftex.def)             Requested size: 35.29353pt x 42.6774pt.

Package fancyhdr Warning: \footskip is too small (5.0pt): 
(fancyhdr)                Make it at least 7.875pt, for example:
(fancyhdr)                \setlength{\footskip}{7.875pt}.

[2]
File: logoifop.png Graphic file (type png)
<use logoifop.png>
Package pdftex.def Info: logoifop.png  used on input line 179.
(pdftex.def)             Requested size: 35.29353pt x 42.6774pt.

Package fancyhdr Warning: \footskip is too small (5.0pt): 
(fancyhdr)                Make it at least 7.875pt, for example:
(fancyhdr)                \setlength{\footskip}{7.875pt}.

[3]
File: logoifop.png Graphic file (type png)
<use logoifop.png>
Package pdftex.def Info: logoifop.png  used on input line 234.
(pdftex.def)             Requested size: 35.29353pt x 42.6774pt.

Package fancyhdr Warning: \footskip is too small (5.0pt): 
(fancyhdr)                Make it at least 7.875pt, for example:
(fancyhdr)                \setlength{\footskip}{7.875pt}.

[4]
LaTeX Font Info:    Trying to load font information for TS1+phv on input line 2
72.

(c:/Users/macristina.perez/AppData/Roaming/TinyTeX/texmf-dist/tex/latex/psnfss/
ts1phv.fd
File: ts1phv.fd 2020/03/25 scalable font definitions for TS1/phv.
)
LaTeX Font Info:    Trying to load font information for T1+lmtt on input line 3
26.

(c:/Users/macristina.perez/AppData/Roaming/TinyTeX/texmf-dist/tex/latex/lm/t1lm
tt.fd
File: t1lmtt.fd 2009/10/30 v1.6 Font defs for Latin Modern
)
File: logoifop.png Graphic file (type png)
<use logoifop.png>
Package pdftex.def Info: logoifop.png  used on input line 443.
(pdftex.def)             Requested size: 35.29353pt x 42.6774pt.

Package fancyhdr Warning: \footskip is too small (5.0pt): 
(fancyhdr)                Make it at least 7.67097pt, for example:
(fancyhdr)                \setlength{\footskip}{7.67097pt}.

[5]
File: logoifop.png Graphic file (type png)
<use logoifop.png>
Package pdftex.def Info: logoifop.png  used on input line 504.
(pdftex.def)             Requested size: 35.29353pt x 42.6774pt.

Package fancyhdr Warning: \footskip is too small (5.0pt): 
(fancyhdr)                Make it at least 7.875pt, for example:
(fancyhdr)                \setlength{\footskip}{7.875pt}.

[6]
Overfull \hbox (24.00687pt too wide) in alignment at lines 537--555
 [] [] [] [] [] 
 []


Overfull \hbox (24.00687pt too wide) in alignment at lines 555--1036
 [] [] [] [] [] 
 []


Overfull \hbox (24.00687pt too wide) in alignment at lines 1036--1133
 [] [] [] [] [] 
 []

File: logoifop.png Graphic file (type png)
<use logoifop.png>
Package pdftex.def Info: logoifop.png  used on input line 1133.
(pdftex.def)             Requested size: 35.29353pt x 42.6774pt.

Package fancyhdr Warning: \footskip is too small (5.0pt): 
(fancyhdr)                Make it at least 7.67097pt, for example:
(fancyhdr)                \setlength{\footskip}{7.67097pt}.

[7]
LaTeX Font Info:    Font shape `T1/phv/m/it' in size <10> not available
(Font)              Font shape `T1/phv/m/sl' tried instead on input line 1148.
File: logoifop.png Graphic file (type png)
<use logoifop.png>
Package pdftex.def Info: logoifop.png  used on input line 1187.
(pdftex.def)             Requested size: 35.29353pt x 42.6774pt.

Package fancyhdr Warning: \footskip is too small (5.0pt): 
(fancyhdr)                Make it at least 7.875pt, for example:
(fancyhdr)                \setlength{\footskip}{7.875pt}.

[8]
File: logoifop.png Graphic file (type png)
<use logoifop.png>
Package pdftex.def Info: logoifop.png  used on input line 1244.
(pdftex.def)             Requested size: 35.29353pt x 42.6774pt.

Package fancyhdr Warning: \footskip is too small (5.0pt): 
(fancyhdr)                Make it at least 7.875pt, for example:
(fancyhdr)                \setlength{\footskip}{7.875pt}.

[9]
File: logoifop.png Graphic file (type png)
<use logoifop.png>
Package pdftex.def Info: logoifop.png  used on input line 1353.
(pdftex.def)             Requested size: 35.29353pt x 42.6774pt.

Package fancyhdr Warning: \footskip is too small (5.0pt): 
(fancyhdr)                Make it at least 7.875pt, for example:
(fancyhdr)                \setlength{\footskip}{7.875pt}.

[10]
File: logoifop.png Graphic file (type png)
<use logoifop.png>
Package pdftex.def Info: logoifop.png  used on input line 1456.
(pdftex.def)             Requested size: 35.29353pt x 42.6774pt.

Package fancyhdr Warning: \footskip is too small (5.0pt): 
(fancyhdr)                Make it at least 7.875pt, for example:
(fancyhdr)                \setlength{\footskip}{7.875pt}.

[11]
File: logoifop.png Graphic file (type png)
<use logoifop.png>
Package pdftex.def Info: logoifop.png  used on input line 1528.
(pdftex.def)             Requested size: 35.29353pt x 42.6774pt.

Package fancyhdr Warning: \footskip is too small (5.0pt): 
(fancyhdr)                Make it at least 7.875pt, for example:
(fancyhdr)                \setlength{\footskip}{7.875pt}.

[12]
File: logoifop.png Graphic file (type png)
<use logoifop.png>
Package pdftex.def Info: logoifop.png  used on input line 1616.
(pdftex.def)             Requested size: 35.29353pt x 42.6774pt.

Package fancyhdr Warning: \footskip is too small (5.0pt): 
(fancyhdr)                Make it at least 7.875pt, for example:
(fancyhdr)                \setlength{\footskip}{7.875pt}.

[13]
File: logoifop.png Graphic file (type png)
<use logoifop.png>
Package pdftex.def Info: logoifop.png  used on input line 1700.
(pdftex.def)             Requested size: 35.29353pt x 42.6774pt.

Package fancyhdr Warning: \footskip is too small (5.0pt): 
(fancyhdr)                Make it at least 7.875pt, for example:
(fancyhdr)                \setlength{\footskip}{7.875pt}.

[14]
File: logoifop.png Graphic file (type png)
<use logoifop.png>
Package pdftex.def Info: logoifop.png  used on input line 1789.
(pdftex.def)             Requested size: 35.29353pt x 42.6774pt.

Package fancyhdr Warning: \footskip is too small (5.0pt): 
(fancyhdr)                Make it at least 7.875pt, for example:
(fancyhdr)                \setlength{\footskip}{7.875pt}.

[15]
File: logoifop.png Graphic file (type png)
<use logoifop.png>
Package pdftex.def Info: logoifop.png  used on input line 1798.
(pdftex.def)             Requested size: 35.29353pt x 42.6774pt.

Package fancyhdr Warning: \footskip is too small (5.0pt): 
(fancyhdr)                Make it at least 7.875pt, for example:
(fancyhdr)                \setlength{\footskip}{7.875pt}.

[16]
File: logoifop.png Graphic file (type png)
<use logoifop.png>
Package pdftex.def Info: logoifop.png  used on input line 1893.
(pdftex.def)             Requested size: 35.29353pt x 42.6774pt.

Package fancyhdr Warning: \footskip is too small (5.0pt): 
(fancyhdr)                Make it at least 7.875pt, for example:
(fancyhdr)                \setlength{\footskip}{7.875pt}.

[17]
<Figuras/Figura_1.png, id=370, 2740.2375pt x 2114.90125pt>
File: Figuras/Figura_1.png Graphic file (type png)
<use Figuras/Figura_1.png>
Package pdftex.def Info: Figuras/Figura_1.png  used on input line 1895.
(pdftex.def)             Requested size: 377.60962pt x 291.43716pt.
File: logoifop.png Graphic file (type png)
<use logoifop.png>
Package pdftex.def Info: logoifop.png  used on input line 1943.
(pdftex.def)             Requested size: 35.29353pt x 42.6774pt.

Package fancyhdr Warning: \footskip is too small (5.0pt): 
(fancyhdr)                Make it at least 7.875pt, for example:
(fancyhdr)                \setlength{\footskip}{7.875pt}.

[18 <./Figuras/Figura_1.png>]
<Figuras/Figura_2.png, id=377, 1626.075pt x 1355.0625pt>
File: Figuras/Figura_2.png Graphic file (type png)
<use Figuras/Figura_2.png>
Package pdftex.def Info: Figuras/Figura_2.png  used on input line 1970.
(pdftex.def)             Requested size: 377.61192pt x 314.6766pt.
File: logoifop.png Graphic file (type png)
<use logoifop.png>
Package pdftex.def Info: logoifop.png  used on input line 1985.
(pdftex.def)             Requested size: 35.29353pt x 42.6774pt.

Package fancyhdr Warning: \footskip is too small (5.0pt): 
(fancyhdr)                Make it at least 7.875pt, for example:
(fancyhdr)                \setlength{\footskip}{7.875pt}.

[19 <./Figuras/figura_2.png>]
File: logoifop.png Graphic file (type png)
<use logoifop.png>
Package pdftex.def Info: logoifop.png  used on input line 2111.
(pdftex.def)             Requested size: 35.29353pt x 42.6774pt.

Package fancyhdr Warning: \footskip is too small (5.0pt): 
(fancyhdr)                Make it at least 7.875pt, for example:
(fancyhdr)                \setlength{\footskip}{7.875pt}.

[20]
File: logoifop.png Graphic file (type png)
<use logoifop.png>
Package pdftex.def Info: logoifop.png  used on input line 2195.
(pdftex.def)             Requested size: 35.29353pt x 42.6774pt.

Package fancyhdr Warning: \footskip is too small (5.0pt): 
(fancyhdr)                Make it at least 7.875pt, for example:
(fancyhdr)                \setlength{\footskip}{7.875pt}.

[21]
File: logoifop.png Graphic file (type png)
<use logoifop.png>
Package pdftex.def Info: logoifop.png  used on input line 2217.
(pdftex.def)             Requested size: 35.29353pt x 42.6774pt.

Package fancyhdr Warning: \footskip is too small (5.0pt): 
(fancyhdr)                Make it at least 7.875pt, for example:
(fancyhdr)                \setlength{\footskip}{7.875pt}.

[22]
File: logoifop.png Graphic file (type png)
<use logoifop.png>
Package pdftex.def Info: logoifop.png  used on input line 2902.
(pdftex.def)             Requested size: 35.29353pt x 42.6774pt.

Package fancyhdr Warning: \footskip is too small (5.0pt): 
(fancyhdr)                Make it at least 7.875pt, for example:
(fancyhdr)                \setlength{\footskip}{7.875pt}.

[23]
Overfull \hbox (33.40416pt too wide) in alignment at lines 2953--2980
 [] [] [] [] [] [] [] [] 
 []


Overfull \hbox (33.40416pt too wide) in alignment at lines 2980--3461
 [] [] [] [] [] [] [] [] 
 []


Overfull \hbox (33.40416pt too wide) in alignment at lines 3461--3941
 [] [] [] [] [] [] [] [] 
 []

File: logoifop.png Graphic file (type png)
<use logoifop.png>
Package pdftex.def Info: logoifop.png  used on input line 3941.
(pdftex.def)             Requested size: 35.29353pt x 42.6774pt.

Package fancyhdr Warning: \footskip is too small (5.0pt): 
(fancyhdr)                Make it at least 7.875pt, for example:
(fancyhdr)                \setlength{\footskip}{7.875pt}.

[24]
Overfull \hbox (33.40416pt too wide) in alignment at lines 3941--4014
 [] [] [] [] [] [] [] [] 
 []

<Figuras/Figura_3.png, id=433, 715.9548pt x 407.121pt>
File: Figuras/Figura_3.png Graphic file (type png)
<use Figuras/Figura_3.png>
Package pdftex.def Info: Figuras/Figura_3.png  used on input line 4017.
(pdftex.def)             Requested size: 377.62984pt x 214.73567pt.
<Figuras/Figura_4.png, id=434, 794.4882pt x 322.3242pt>
File: Figuras/Figura_4.png Graphic file (type png)
<use Figuras/Figura_4.png>
Package pdftex.def Info: Figuras/Figura_4.png  used on input line 4023.
(pdftex.def)             Requested size: 377.62828pt x 153.20395pt.
File: logoifop.png Graphic file (type png)
<use logoifop.png>
Package pdftex.def Info: logoifop.png  used on input line 4024.
(pdftex.def)             Requested size: 35.29353pt x 42.6774pt.

Package fancyhdr Warning: \footskip is too small (5.0pt): 
(fancyhdr)                Make it at least 7.875pt, for example:
(fancyhdr)                \setlength{\footskip}{7.875pt}.

[25 <./Figuras/figura_3.png>]
Overfull \hbox (30.00005pt too wide) in alignment at lines 4051--4072
 [] [] [] [] [] [] 
 []


Overfull \hbox (18.25226pt too wide) in paragraph at lines 4181--4181
[]                     \T1/lmtt/m/n/10 |[] 
 []


Overfull \hbox (30.00005pt too wide) in alignment at lines 4072--4188
 [] [] [] [] [] [] 
 []


Overfull \hbox (30.00005pt too wide) in alignment at lines 4193--4214
 [] [] [] [] [] [] 
 []


Overfull \hbox (30.00005pt too wide) in alignment at lines 4214--4327
 [] [] [] [] [] [] 
 []

File: logoifop.png Graphic file (type png)
<use logoifop.png>
Package pdftex.def Info: logoifop.png  used on input line 4327.
(pdftex.def)             Requested size: 35.29353pt x 42.6774pt.

Package fancyhdr Warning: \footskip is too small (5.0pt): 
(fancyhdr)                Make it at least 7.875pt, for example:
(fancyhdr)                \setlength{\footskip}{7.875pt}.

[26 <./Figuras/figura_4.png>]
<Figuras/Figura_5.png, id=448, 379.4175pt x 541.27219pt>
File: Figuras/Figura_5.png Graphic file (type png)
<use Figuras/Figura_5.png>
Package pdftex.def Info: Figuras/Figura_5.png  used on input line 4375.
(pdftex.def)             Requested size: 377.6334pt x 538.72704pt.
File: logoifop.png Graphic file (type png)
<use logoifop.png>
Package pdftex.def Info: logoifop.png  used on input line 4376.
(pdftex.def)             Requested size: 35.29353pt x 42.6774pt.

Package fancyhdr Warning: \footskip is too small (5.0pt): 
(fancyhdr)                Make it at least 7.875pt, for example:
(fancyhdr)                \setlength{\footskip}{7.875pt}.

[27]
File: logoifop.png Graphic file (type png)
<use logoifop.png>
Package pdftex.def Info: logoifop.png  used on input line 4395.
(pdftex.def)             Requested size: 35.29353pt x 42.6774pt.

Package fancyhdr Warning: \footskip is too small (5.0pt): 
(fancyhdr)                Make it at least 7.875pt, for example:
(fancyhdr)                \setlength{\footskip}{7.875pt}.

[28 <./Figuras/figura_5.png>]
<Figuras/Figura_6.png, id=459, 715.473pt x 607.068pt>
File: Figuras/Figura_6.png Graphic file (type png)
<use Figuras/Figura_6.png>
Package pdftex.def Info: Figuras/Figura_6.png  used on input line 4397.
(pdftex.def)             Requested size: 377.62682pt x 320.41061pt.
File: logoifop.png Graphic file (type png)
<use logoifop.png>
Package pdftex.def Info: logoifop.png  used on input line 4436.
(pdftex.def)             Requested size: 35.29353pt x 42.6774pt.

Package fancyhdr Warning: \footskip is too small (5.0pt): 
(fancyhdr)                Make it at least 7.875pt, for example:
(fancyhdr)                \setlength{\footskip}{7.875pt}.

[29 <./Figuras/figura_6.png>]
<Figuras/Figura_7.png, id=466, 466.8642pt x 277.5168pt>
File: Figuras/Figura_7.png Graphic file (type png)
<use Figuras/Figura_7.png>
Package pdftex.def Info: Figuras/Figura_7.png  used on input line 4438.
(pdftex.def)             Requested size: 377.6379pt x 224.47824pt.
<Figuras/Figura_8.png, id=467, 715.473pt x 607.068pt>
File: Figuras/Figura_8.png Graphic file (type png)
<use Figuras/Figura_8.png>
Package pdftex.def Info: Figuras/Figura_8.png  used on input line 4458.
(pdftex.def)             Requested size: 377.62682pt x 320.41061pt.
File: logoifop.png Graphic file (type png)
<use logoifop.png>
Package pdftex.def Info: logoifop.png  used on input line 4459.
(pdftex.def)             Requested size: 35.29353pt x 42.6774pt.

Package fancyhdr Warning: \footskip is too small (5.0pt): 
(fancyhdr)                Make it at least 7.875pt, for example:
(fancyhdr)                \setlength{\footskip}{7.875pt}.

[30 <./Figuras/figura_7.png>]
File: logoifop.png Graphic file (type png)
<use logoifop.png>
Package pdftex.def Info: logoifop.png  used on input line 4517.
(pdftex.def)             Requested size: 35.29353pt x 42.6774pt.

Package fancyhdr Warning: \footskip is too small (5.0pt): 
(fancyhdr)                Make it at least 7.875pt, for example:
(fancyhdr)                \setlength{\footskip}{7.875pt}.

[31 <./Figuras/figura_8.png>]
<Figuras/Figura_9.png, id=482, 428.60126pt x 218.8175pt>
File: Figuras/Figura_9.png Graphic file (type png)
<use Figuras/Figura_9.png>
Package pdftex.def Info: Figuras/Figura_9.png  used on input line 4527.
(pdftex.def)             Requested size: 377.62807pt x 192.7937pt.
<Figuras/Figura_10.png, id=483, 440.64626pt x 362.85562pt>
File: Figuras/Figura_10.png Graphic file (type png)
<use Figuras/Figura_10.png>
Package pdftex.def Info: Figuras/Figura_10.png  used on input line 4545.
(pdftex.def)             Requested size: 377.63727pt x 310.9701pt.
File: logoifop.png Graphic file (type png)
<use logoifop.png>
Package pdftex.def Info: logoifop.png  used on input line 4546.
(pdftex.def)             Requested size: 35.29353pt x 42.6774pt.

Package fancyhdr Warning: \footskip is too small (5.0pt): 
(fancyhdr)                Make it at least 7.875pt, for example:
(fancyhdr)                \setlength{\footskip}{7.875pt}.

[32 <./Figuras/figura_9.png>]
<Figuras/Figura_11.png, id=488, 565.36218pt x 560.8453pt>
File: Figuras/Figura_11.png Graphic file (type png)
<use Figuras/Figura_11.png>
Package pdftex.def Info: Figuras/Figura_11.png  used on input line 4567.
(pdftex.def)             Requested size: 377.6347pt x 374.61766pt.
File: logoifop.png Graphic file (type png)
<use logoifop.png>
Package pdftex.def Info: logoifop.png  used on input line 4568.
(pdftex.def)             Requested size: 35.29353pt x 42.6774pt.

Package fancyhdr Warning: \footskip is too small (5.0pt): 
(fancyhdr)                Make it at least 7.875pt, for example:
(fancyhdr)                \setlength{\footskip}{7.875pt}.

[33 <./Figuras/figura_10.png>]
File: logoifop.png Graphic file (type png)
<use logoifop.png>
Package pdftex.def Info: logoifop.png  used on input line 4605.
(pdftex.def)             Requested size: 35.29353pt x 42.6774pt.

Package fancyhdr Warning: \footskip is too small (5.0pt): 
(fancyhdr)                Make it at least 7.875pt, for example:
(fancyhdr)                \setlength{\footskip}{7.875pt}.

[34 <./Figuras/figura_11.png>]
<Figuras/Figura_12.png, id=498, 505.38812pt x 347.79938pt>
File: Figuras/Figura_12.png Graphic file (type png)
<use Figuras/Figura_12.png>
Package pdftex.def Info: Figuras/Figura_12.png  used on input line 4607.
(pdftex.def)             Requested size: 377.62892pt x 259.8777pt.
<Figuras/Figura_13.png, id=499, 339.76938pt x 309.155pt>
File: Figuras/Figura_13.png Graphic file (type png)
<use Figuras/Figura_13.png>
Package pdftex.def Info: Figuras/Figura_13.png  used on input line 4620.
(pdftex.def)             Requested size: 339.79964pt x 309.18253pt.
File: logoifop.png Graphic file (type png)
<use logoifop.png>
Package pdftex.def Info: logoifop.png  used on input line 4621.
(pdftex.def)             Requested size: 35.29353pt x 42.6774pt.

Package fancyhdr Warning: \footskip is too small (5.0pt): 
(fancyhdr)                Make it at least 7.875pt, for example:
(fancyhdr)                \setlength{\footskip}{7.875pt}.

[35 <./Figuras/figura_12.png>]
<Figuras/Figura_14.png, id=504, 460.72125pt x 460.72125pt>
File: Figuras/Figura_14.png Graphic file (type png)
<use Figuras/Figura_14.png>
Package pdftex.def Info: Figuras/Figura_14.png  used on input line 4636.
(pdftex.def)             Requested size: 377.62515pt x 377.62515pt.
File: logoifop.png Graphic file (type png)
<use logoifop.png>
Package pdftex.def Info: logoifop.png  used on input line 4637.
(pdftex.def)             Requested size: 35.29353pt x 42.6774pt.

Package fancyhdr Warning: \footskip is too small (5.0pt): 
(fancyhdr)                Make it at least 7.875pt, for example:
(fancyhdr)                \setlength{\footskip}{7.875pt}.

[36 <./Figuras/figura_13.png>]
<Figuras/Figura_15.png, id=509, 565.61313pt x 319.69438pt>
File: Figuras/Figura_15.png Graphic file (type png)
<use Figuras/Figura_15.png>
Package pdftex.def Info: Figuras/Figura_15.png  used on input line 4642.
(pdftex.def)             Requested size: 377.63835pt x 213.44775pt.
File: logoifop.png Graphic file (type png)
<use logoifop.png>
Package pdftex.def Info: logoifop.png  used on input line 4646.
(pdftex.def)             Requested size: 35.29353pt x 42.6774pt.

Package fancyhdr Warning: \footskip is too small (5.0pt): 
(fancyhdr)                Make it at least 7.875pt, for example:
(fancyhdr)                \setlength{\footskip}{7.875pt}.

[37 <./Figuras/figura_14.png> <./Figuras/figura_15.png>]
Overfull \hbox (12.31502pt too wide) in alignment at lines 4658--4679
 [] [] [] [] [] [] 
 []


Overfull \hbox (12.31502pt too wide) in alignment at lines 4679--4825
 [] [] [] [] [] [] 
 []

Package textcomp Info: Symbol \textasciiacute not provided by
(textcomp)             font family phv in TS1 encoding.
(textcomp)             Default family used instead on input line 4857.
LaTeX Font Info:    Trying to load font information for T1+cmss on input line 4
857.

(c:/Users/macristina.perez/AppData/Roaming/TinyTeX/texmf-dist/tex/latex/base/t1
cmss.fd
File: t1cmss.fd 2019/12/16 v2.5j Standard LaTeX font definitions
)
LaTeX Font Info:    Trying to load font information for TS1+cmss on input line 
4857.

(c:/Users/macristina.perez/AppData/Roaming/TinyTeX/texmf-dist/tex/latex/base/ts
1cmss.fd
File: ts1cmss.fd 2019/12/16 v2.5j Standard LaTeX font definitions
)
<Figuras/Figura_16.png, id=515, 307.1475pt x 307.1475pt>
File: Figuras/Figura_16.png Graphic file (type png)
<use Figuras/Figura_16.png>
Package pdftex.def Info: Figuras/Figura_16.png  used on input line 4863.
(pdftex.def)             Requested size: 307.16548pt x 307.16548pt.
File: logoifop.png Graphic file (type png)
<use logoifop.png>
Package pdftex.def Info: logoifop.png  used on input line 4864.
(pdftex.def)             Requested size: 35.29353pt x 42.6774pt.

Package fancyhdr Warning: \footskip is too small (5.0pt): 
(fancyhdr)                Make it at least 7.875pt, for example:
(fancyhdr)                \setlength{\footskip}{7.875pt}.

[38]
<Figuras/Figura_17.png, id=523, 642.4pt x 319.69438pt>
File: Figuras/Figura_17.png Graphic file (type png)
<use Figuras/Figura_17.png>
Package pdftex.def Info: Figuras/Figura_17.png  used on input line 4877.
(pdftex.def)             Requested size: 377.6306pt x 187.93022pt.
File: logoifop.png Graphic file (type png)
<use logoifop.png>
Package pdftex.def Info: logoifop.png  used on input line 4887.
(pdftex.def)             Requested size: 35.29353pt x 42.6774pt.

Package fancyhdr Warning: \footskip is too small (5.0pt): 
(fancyhdr)                Make it at least 7.875pt, for example:
(fancyhdr)                \setlength{\footskip}{7.875pt}.

[39 <./Figuras/figura_16.png> <./Figuras/figura_17.png>]
File: logoifop.png Graphic file (type png)
<use logoifop.png>
Package pdftex.def Info: logoifop.png  used on input line 4956.
(pdftex.def)             Requested size: 35.29353pt x 42.6774pt.

Package fancyhdr Warning: \footskip is too small (5.0pt): 
(fancyhdr)                Make it at least 7.875pt, for example:
(fancyhdr)                \setlength{\footskip}{7.875pt}.

[40]
<Figuras/Figura_18.png, id=535, 360.84813pt x 391.4625pt>
File: Figuras/Figura_18.png Graphic file (type png)
<use Figuras/Figura_18.png>
Package pdftex.def Info: Figuras/Figura_18.png  used on input line 4965.
(pdftex.def)             Requested size: 360.86926pt x 391.48541pt.
File: logoifop.png Graphic file (type png)
<use logoifop.png>
Package pdftex.def Info: logoifop.png  used on input line 4984.
(pdftex.def)             Requested size: 35.29353pt x 42.6774pt.

Package fancyhdr Warning: \footskip is too small (5.0pt): 
(fancyhdr)                Make it at least 7.875pt, for example:
(fancyhdr)                \setlength{\footskip}{7.875pt}.

[41 <./Figuras/figura_18.png>]
<Figuras/Figura_19.png, id=540, 1156.32pt x 587.94656pt>
File: Figuras/Figura_19.png Graphic file (type png)
<use Figuras/Figura_19.png>
Package pdftex.def Info: Figuras/Figura_19.png  used on input line 4986.
(pdftex.def)             Requested size: 377.61688pt x 192.00441pt.
<Figuras/Figura_20.png, id=541, 607.51968pt x 454.69875pt>
File: Figuras/Figura_20.png Graphic file (type png)
<use Figuras/Figura_20.png>
Package pdftex.def Info: Figuras/Figura_20.png  used on input line 5003.
(pdftex.def)             Requested size: 377.63165pt x 282.63881pt.
File: logoifop.png Graphic file (type png)
<use logoifop.png>
Package pdftex.def Info: logoifop.png  used on input line 5004.
(pdftex.def)             Requested size: 35.29353pt x 42.6774pt.

Package fancyhdr Warning: \footskip is too small (5.0pt): 
(fancyhdr)                Make it at least 7.875pt, for example:
(fancyhdr)                \setlength{\footskip}{7.875pt}.

[42 <./Figuras/figura_19.png>]
<Figuras/Figura_21.png, id=546, 403.5075pt x 285.065pt>
File: Figuras/Figura_21.png Graphic file (type png)
<use Figuras/Figura_21.png>
Package pdftex.def Info: Figuras/Figura_21.png  used on input line 5078.
(pdftex.def)             Requested size: 377.62856pt x 266.78235pt.
File: logoifop.png Graphic file (type png)
<use logoifop.png>
Package pdftex.def Info: logoifop.png  used on input line 5079.
(pdftex.def)             Requested size: 35.29353pt x 42.6774pt.

Package fancyhdr Warning: \footskip is too small (5.0pt): 
(fancyhdr)                Make it at least 7.875pt, for example:
(fancyhdr)                \setlength{\footskip}{7.875pt}.

[43 <./Figuras/figura_20.png>]
<Figuras/Figura_22.png, id=553, 441.65pt x 339.76938pt>
File: Figuras/Figura_22.png Graphic file (type png)
<use Figuras/Figura_22.png>
Package pdftex.def Info: Figuras/Figura_22.png  used on input line 5084.
(pdftex.def)             Requested size: 377.64162pt x 290.52657pt.
File: logoifop.png Graphic file (type png)
<use logoifop.png>
Package pdftex.def Info: logoifop.png  used on input line 5094.
(pdftex.def)             Requested size: 35.29353pt x 42.6774pt.

Package fancyhdr Warning: \footskip is too small (5.0pt): 
(fancyhdr)                Make it at least 7.875pt, for example:
(fancyhdr)                \setlength{\footskip}{7.875pt}.

[44 <./Figuras/figura_21.png> <./Figuras/figura_22.png>]
<Figuras/Figura_23.png, id=558, 460.72125pt x 460.72125pt>
File: Figuras/Figura_23.png Graphic file (type png)
<use Figuras/Figura_23.png>
Package pdftex.def Info: Figuras/Figura_23.png  used on input line 5096.
(pdftex.def)             Requested size: 377.62515pt x 377.62515pt.
<Figuras/Figura_24.png, id=559, 704.6325pt x 391.96437pt>
File: Figuras/Figura_24.png Graphic file (type png)
<use Figuras/Figura_24.png>
Package pdftex.def Info: Figuras/Figura_24.png  used on input line 5108.
(pdftex.def)             Requested size: 377.62515pt x 210.0607pt.
File: logoifop.png Graphic file (type png)
<use logoifop.png>
Package pdftex.def Info: logoifop.png  used on input line 5109.
(pdftex.def)             Requested size: 35.29353pt x 42.6774pt.

Package fancyhdr Warning: \footskip is too small (5.0pt): 
(fancyhdr)                Make it at least 7.875pt, for example:
(fancyhdr)                \setlength{\footskip}{7.875pt}.

[45 <./Figuras/figura_23.png>]
File: logoifop.png Graphic file (type png)
<use logoifop.png>
Package pdftex.def Info: logoifop.png  used on input line 5169.
(pdftex.def)             Requested size: 35.29353pt x 42.6774pt.

Package fancyhdr Warning: \footskip is too small (5.0pt): 
(fancyhdr)                Make it at least 7.875pt, for example:
(fancyhdr)                \setlength{\footskip}{7.875pt}.

[46 <./Figuras/figura_24.png>]
<Figuras/Figura_25.png, id=571, 461.5425pt x 395.8425pt>
File: Figuras/Figura_25.png Graphic file (type png)
<use Figuras/Figura_25.png>
Package pdftex.def Info: Figuras/Figura_25.png  used on input line 5181.
(pdftex.def)             Requested size: 377.62923pt x 323.87418pt.
<Figuras/Figura_26.png, id=572, 568.1225pt x 332.24126pt>
File: Figuras/Figura_26.png Graphic file (type png)
<use Figuras/Figura_26.png>
Package pdftex.def Info: Figuras/Figura_26.png  used on input line 5187.
(pdftex.def)             Requested size: 377.64067pt x 220.84639pt.
File: logoifop.png Graphic file (type png)
<use logoifop.png>
Package pdftex.def Info: logoifop.png  used on input line 5188.
(pdftex.def)             Requested size: 35.29353pt x 42.6774pt.

Package fancyhdr Warning: \footskip is too small (5.0pt): 
(fancyhdr)                Make it at least 7.875pt, for example:
(fancyhdr)                \setlength{\footskip}{7.875pt}.

[47 <./Figuras/figura_25.png>]
File: logoifop.png Graphic file (type png)
<use logoifop.png>
Package pdftex.def Info: logoifop.png  used on input line 5240.
(pdftex.def)             Requested size: 35.29353pt x 42.6774pt.

Package fancyhdr Warning: \footskip is too small (5.0pt): 
(fancyhdr)                Make it at least 7.875pt, for example:
(fancyhdr)                \setlength{\footskip}{7.875pt}.

[48 <./Figuras/figura_26.png>]
<Figuras/FitY.png, id=583, 740.72499pt x 542.7902pt>
File: Figuras/FitY.png Graphic file (type png)
<use Figuras/FitY.png>
Package pdftex.def Info: Figuras/FitY.png  used on input line 5302.
(pdftex.def)             Requested size: 377.61781pt x 276.71167pt.
File: logoifop.png Graphic file (type png)
<use logoifop.png>
Package pdftex.def Info: logoifop.png  used on input line 5303.
(pdftex.def)             Requested size: 35.29353pt x 42.6774pt.

Package fancyhdr Warning: \footskip is too small (5.0pt): 
(fancyhdr)                Make it at least 7.875pt, for example:
(fancyhdr)                \setlength{\footskip}{7.875pt}.

[49]
<Figuras/resid.yield.png, id=590, 740.72499pt x 542.7902pt>
File: Figuras/resid.yield.png Graphic file (type png)
<use Figuras/resid.yield.png>
Package pdftex.def Info: Figuras/resid.yield.png  used on input line 5313.
(pdftex.def)             Requested size: 377.61781pt x 276.71167pt.
File: logoifop.png Graphic file (type png)
<use logoifop.png>
Package pdftex.def Info: logoifop.png  used on input line 5317.
(pdftex.def)             Requested size: 35.29353pt x 42.6774pt.

Package fancyhdr Warning: \footskip is too small (5.0pt): 
(fancyhdr)                Make it at least 7.875pt, for example:
(fancyhdr)                \setlength{\footskip}{7.875pt}.

[50 <./Figuras/FitY.png> <./Figuras/resid.yield.png>]
<Figuras/ajustes.png, id=597, 577.40718pt x 542.025pt>
File: Figuras/ajustes.png Graphic file (type png)
<use Figuras/ajustes.png>
Package pdftex.def Info: Figuras/ajustes.png  used on input line 5331.
(pdftex.def)             Requested size: 377.645pt x 354.50378pt.
<Figuras/resid.ind.png, id=598, 740.72499pt x 542.7902pt>
File: Figuras/resid.ind.png Graphic file (type png)
<use Figuras/resid.ind.png>
Package pdftex.def Info: Figuras/resid.ind.png  used on input line 5337.
(pdftex.def)             Requested size: 377.61781pt x 276.71167pt.
File: logoifop.png Graphic file (type png)
<use logoifop.png>
Package pdftex.def Info: logoifop.png  used on input line 5338.
(pdftex.def)             Requested size: 35.29353pt x 42.6774pt.

Package fancyhdr Warning: \footskip is too small (5.0pt): 
(fancyhdr)                Make it at least 7.875pt, for example:
(fancyhdr)                \setlength{\footskip}{7.875pt}.

[51 <./Figuras/ajustes.png>]
<Figuras/selectivities.png, id=603, 740.72499pt x 542.7902pt>
File: Figuras/selectivities.png Graphic file (type png)
<use Figuras/selectivities.png>
Package pdftex.def Info: Figuras/selectivities.png  used on input line 5349.
(pdftex.def)             Requested size: 377.61781pt x 276.71167pt.
File: logoifop.png Graphic file (type png)
<use logoifop.png>
Package pdftex.def Info: logoifop.png  used on input line 5353.
(pdftex.def)             Requested size: 35.29353pt x 42.6774pt.

Package fancyhdr Warning: \footskip is too small (5.0pt): 
(fancyhdr)                Make it at least 7.875pt, for example:
(fancyhdr)                \setlength{\footskip}{7.875pt}.

[52 <./Figuras/resid.ind.png> <./Figuras/selectivities.png>]
<Figuras/mortalidad.png, id=610, 740.72499pt x 542.7902pt>
File: Figuras/mortalidad.png Graphic file (type png)
<use Figuras/mortalidad.png>
Package pdftex.def Info: Figuras/mortalidad.png  used on input line 5366.
(pdftex.def)             Requested size: 377.61781pt x 276.71167pt.
File: logoifop.png Graphic file (type png)
<use logoifop.png>
Package pdftex.def Info: logoifop.png  used on input line 5399.
(pdftex.def)             Requested size: 35.29353pt x 42.6774pt.

Package fancyhdr Warning: \footskip is too small (5.0pt): 
(fancyhdr)                Make it at least 7.875pt, for example:
(fancyhdr)                \setlength{\footskip}{7.875pt}.

[53 <./Figuras/mortalidad.png>]
<Figuras/FitAgeArrastre.png, id=616, 1430.946pt x 1517.67pt>
File: Figuras/FitAgeArrastre.png Graphic file (type png)
<use Figuras/FitAgeArrastre.png>
Package pdftex.def Info: Figuras/FitAgeArrastre.png  used on input line 5400.
(pdftex.def)             Requested size: 377.6268pt x 400.51328pt.
<Figuras/FitAgeLongline.png, id=617, 1430.946pt x 1517.67pt>
File: Figuras/FitAgeLongline.png Graphic file (type png)
<use Figuras/FitAgeLongline.png>
Package pdftex.def Info: Figuras/FitAgeLongline.png  used on input line 5406.
(pdftex.def)             Requested size: 377.6268pt x 400.51328pt.
File: logoifop.png Graphic file (type png)
<use logoifop.png>
Package pdftex.def Info: logoifop.png  used on input line 5407.
(pdftex.def)             Requested size: 35.29353pt x 42.6774pt.

Package fancyhdr Warning: \footskip is too small (5.0pt): 
(fancyhdr)                Make it at least 7.875pt, for example:
(fancyhdr)                \setlength{\footskip}{7.875pt}.

[54 <./Figuras/FitAgeArrastre.png>]
<Figuras/Figura_35.png, id=623, 386.94562pt x 542.77782pt>
File: Figuras/Figura_35.png Graphic file (type png)
<use Figuras/Figura_35.png>
Package pdftex.def Info: Figuras/Figura_35.png  used on input line 5412.
(pdftex.def)             Requested size: 377.62767pt x 529.7073pt.
File: logoifop.png Graphic file (type png)
<use logoifop.png>
Package pdftex.def Info: logoifop.png  used on input line 5413.
(pdftex.def)             Requested size: 35.29353pt x 42.6774pt.

Package fancyhdr Warning: \footskip is too small (5.0pt): 
(fancyhdr)                Make it at least 7.67097pt, for example:
(fancyhdr)                \setlength{\footskip}{7.67097pt}.

[55 <./Figuras/FitAgeLongline.png>]
File: logoifop.png Graphic file (type png)
<use logoifop.png>
Package pdftex.def Info: logoifop.png  used on input line 5429.
(pdftex.def)             Requested size: 35.29353pt x 42.6774pt.

Package fancyhdr Warning: \footskip is too small (5.0pt): 
(fancyhdr)                Make it at least 7.875pt, for example:
(fancyhdr)                \setlength{\footskip}{7.875pt}.

[56 <./Figuras/figura_35.png>]
<Figuras/FitAgeArtesanal.png, id=635, 1430.946pt x 1517.67pt>
File: Figuras/FitAgeArtesanal.png Graphic file (type png)
<use Figuras/FitAgeArtesanal.png>
Package pdftex.def Info: Figuras/FitAgeArtesanal.png  used on input line 5447.
(pdftex.def)             Requested size: 377.6268pt x 400.51328pt.
<Figuras/FitAgeCrucero.png, id=636, 1430.946pt x 1517.67pt>
File: Figuras/FitAgeCrucero.png Graphic file (type png)
<use Figuras/FitAgeCrucero.png>
Package pdftex.def Info: Figuras/FitAgeCrucero.png  used on input line 5453.
(pdftex.def)             Requested size: 377.6268pt x 400.51328pt.
File: logoifop.png Graphic file (type png)
<use logoifop.png>
Package pdftex.def Info: logoifop.png  used on input line 5454.
(pdftex.def)             Requested size: 35.29353pt x 42.6774pt.

Package fancyhdr Warning: \footskip is too small (5.0pt): 
(fancyhdr)                Make it at least 7.67097pt, for example:
(fancyhdr)                \setlength{\footskip}{7.67097pt}.

[57 <./Figuras/FitAgeArtesanal.png>]
<Figuras/Figura_38.png, id=642, 353.82187pt x 542.025pt>
File: Figuras/Figura_38.png Graphic file (type png)
<use Figuras/Figura_38.png>
Package pdftex.def Info: Figuras/Figura_38.png  used on input line 5459.
(pdftex.def)             Requested size: 353.83179pt x 542.0402pt.
File: logoifop.png Graphic file (type png)
<use logoifop.png>
Package pdftex.def Info: logoifop.png  used on input line 5460.
(pdftex.def)             Requested size: 35.29353pt x 42.6774pt.

Package fancyhdr Warning: \footskip is too small (5.0pt): 
(fancyhdr)                Make it at least 7.875pt, for example:
(fancyhdr)                \setlength{\footskip}{7.875pt}.

[58 <./Figuras/FitAgeCrucero.png>]
File: logoifop.png Graphic file (type png)
<use logoifop.png>
Package pdftex.def Info: logoifop.png  used on input line 5479.
(pdftex.def)             Requested size: 35.29353pt x 42.6774pt.

Package fancyhdr Warning: \footskip is too small (5.0pt): 
(fancyhdr)                Make it at least 7.875pt, for example:
(fancyhdr)                \setlength{\footskip}{7.875pt}.

[59 <./Figuras/figura_38.png>]
Overfull \hbox (6.00002pt too wide) in alignment at lines 5480--5489
 [] [] 
 []


Overfull \hbox (6.00002pt too wide) in alignment at lines 5489--5527
 [] [] 
 []

<Figuras/Figura_39.png, id=654, 853.5087pt x 569.0058pt>
File: Figuras/Figura_39.png Graphic file (type png)
<use Figuras/Figura_39.png>
Package pdftex.def Info: Figuras/Figura_39.png  used on input line 5530.
(pdftex.def)             Requested size: 377.62875pt x 251.75249pt.
<Figuras/Figura_40.png, id=655, 464.4552pt x 594.5412pt>
File: Figuras/Figura_40.png Graphic file (type png)
<use Figuras/Figura_40.png>
Package pdftex.def Info: Figuras/Figura_40.png  used on input line 5547.
(pdftex.def)             Requested size: 377.63821pt x 483.40828pt.
File: logoifop.png Graphic file (type png)
<use logoifop.png>
Package pdftex.def Info: logoifop.png  used on input line 5548.
(pdftex.def)             Requested size: 35.29353pt x 42.6774pt.

Package fancyhdr Warning: \footskip is too small (5.0pt): 
(fancyhdr)                Make it at least 7.875pt, for example:
(fancyhdr)                \setlength{\footskip}{7.875pt}.

[60 <./Figuras/figura_39.png>]
File: logoifop.png Graphic file (type png)
<use logoifop.png>
Package pdftex.def Info: logoifop.png  used on input line 5569.
(pdftex.def)             Requested size: 35.29353pt x 42.6774pt.

Package fancyhdr Warning: \footskip is too small (5.0pt): 
(fancyhdr)                Make it at least 7.875pt, for example:
(fancyhdr)                \setlength{\footskip}{7.875pt}.

[61 <./Figuras/figura_40.png>]
<Figuras/Figura_41.png, id=668, 499.8675pt x 541.27219pt>
File: Figuras/Figura_41.png Graphic file (type png)
<use Figuras/Figura_41.png>
Package pdftex.def Info: Figuras/Figura_41.png  used on input line 5570.
(pdftex.def)             Requested size: 377.63791pt x 408.91817pt.
<Figuras/Figura_42.png, id=669, 483.30562pt x 542.77782pt>
File: Figuras/Figura_42.png Graphic file (type png)
<use Figuras/Figura_42.png>
Package pdftex.def Info: Figuras/Figura_42.png  used on input line 5576.
(pdftex.def)             Requested size: 377.64058pt x 424.11038pt.
File: logoifop.png Graphic file (type png)
<use logoifop.png>
Package pdftex.def Info: logoifop.png  used on input line 5577.
(pdftex.def)             Requested size: 35.29353pt x 42.6774pt.

Package fancyhdr Warning: \footskip is too small (5.0pt): 
(fancyhdr)                Make it at least 7.875pt, for example:
(fancyhdr)                \setlength{\footskip}{7.875pt}.

[62 <./Figuras/figura_41.png>]
File: logoifop.png Graphic file (type png)
<use logoifop.png>
Package pdftex.def Info: logoifop.png  used on input line 5611.
(pdftex.def)             Requested size: 35.29353pt x 42.6774pt.

Package fancyhdr Warning: \footskip is too small (5.0pt): 
(fancyhdr)                Make it at least 7.875pt, for example:
(fancyhdr)                \setlength{\footskip}{7.875pt}.

[63 <./Figuras/figura_42.png>]
<Figuras/Figura_43.png, id=681, 902.87312pt x 361.85187pt>
File: Figuras/Figura_43.png Graphic file (type png)
<use Figuras/Figura_43.png>
Package pdftex.def Info: Figuras/Figura_43.png  used on input line 5613.
(pdftex.def)             Requested size: 377.63358pt x 151.3473pt.
<Figuras/Figura_44.png, id=682, 901.86937pt x 363.85938pt>
File: Figuras/Figura_44.png Graphic file (type png)
<use Figuras/Figura_44.png>
Package pdftex.def Info: Figuras/Figura_44.png  used on input line 5645.
(pdftex.def)             Requested size: 377.6266pt x 152.35352pt.
File: logoifop.png Graphic file (type png)
<use logoifop.png>
Package pdftex.def Info: logoifop.png  used on input line 5646.
(pdftex.def)             Requested size: 35.29353pt x 42.6774pt.

Package fancyhdr Warning: \footskip is too small (5.0pt): 
(fancyhdr)                Make it at least 7.875pt, for example:
(fancyhdr)                \setlength{\footskip}{7.875pt}.

[64 <./Figuras/figura_43.png>]
<Figuras/Figura_45.png, id=688, 431.6125pt x 412.54124pt>
File: Figuras/Figura_45.png Graphic file (type png)
<use Figuras/Figura_45.png>
Package pdftex.def Info: Figuras/Figura_45.png  used on input line 5667.
(pdftex.def)             Requested size: 377.64024pt x 360.95381pt.
File: logoifop.png Graphic file (type png)
<use logoifop.png>
Package pdftex.def Info: logoifop.png  used on input line 5668.
(pdftex.def)             Requested size: 35.29353pt x 42.6774pt.

Package fancyhdr Warning: \footskip is too small (5.0pt): 
(fancyhdr)                Make it at least 7.875pt, for example:
(fancyhdr)                \setlength{\footskip}{7.875pt}.

[65 <./Figuras/figura_44.png>]
<Figuras/depletion.SB_BT.png, id=694, 792.52394pt x 373.5803pt>
File: Figuras/depletion.SB_BT.png Graphic file (type png)
<use Figuras/depletion.SB_BT.png>
Package pdftex.def Info: Figuras/depletion.SB_BT.png  used on input line 5704.
(pdftex.def)             Requested size: 377.6258pt x 178.00542pt.
File: logoifop.png Graphic file (type png)
<use logoifop.png>
Package pdftex.def Info: logoifop.png  used on input line 5705.
(pdftex.def)             Requested size: 35.29353pt x 42.6774pt.

Package fancyhdr Warning: \footskip is too small (5.0pt): 
(fancyhdr)                Make it at least 7.875pt, for example:
(fancyhdr)                \setlength{\footskip}{7.875pt}.

[66 <./Figuras/figura_45.png>]
File: logoifop.png Graphic file (type png)
<use logoifop.png>
Package pdftex.def Info: logoifop.png  used on input line 5761.
(pdftex.def)             Requested size: 35.29353pt x 42.6774pt.

Package fancyhdr Warning: \footskip is too small (5.0pt): 
(fancyhdr)                Make it at least 7.875pt, for example:
(fancyhdr)                \setlength{\footskip}{7.875pt}.

[67 <./Figuras/depletion.SB_BT.png>]
<Figuras/Figura_47.png, id=709, 792.52394pt x 373.5803pt>
File: Figuras/Figura_47.png Graphic file (type png)
<use Figuras/Figura_47.png>
Package pdftex.def Info: Figuras/Figura_47.png  used on input line 5771.
(pdftex.def)             Requested size: 377.6258pt x 178.00542pt.
Package textcomp Info: Symbol \textasciiacute not provided by
(textcomp)             font family phv in TS1 encoding.
(textcomp)             Default family used instead on input line 5782.
<Figuras/kobe_plot.png, id=710, 563.2242pt x 477.9456pt>
File: Figuras/kobe_plot.png Graphic file (type png)
<use Figuras/kobe_plot.png>
Package pdftex.def Info: Figuras/kobe_plot.png  used on input line 5792.
(pdftex.def)             Requested size: 377.62466pt x 320.44797pt.
File: logoifop.png Graphic file (type png)
<use logoifop.png>
Package pdftex.def Info: logoifop.png  used on input line 5793.
(pdftex.def)             Requested size: 35.29353pt x 42.6774pt.

Package fancyhdr Warning: \footskip is too small (5.0pt): 
(fancyhdr)                Make it at least 7.875pt, for example:
(fancyhdr)                \setlength{\footskip}{7.875pt}.

[68 <./Figuras/figura_47.png>]
Overfull \hbox (46.29802pt too wide) in alignment at lines 5823--5850
 [] [] [] [] [] [] [] [] 
 []

LaTeX Font Info:    External font `lmex10' loaded for size
(Font)              <9> on input line 5858.
LaTeX Font Info:    External font `lmex10' loaded for size
(Font)              <6> on input line 5858.

Overfull \hbox (46.29802pt too wide) in alignment at lines 5850--5948
 [] [] [] [] [] [] [] [] 
 []

File: logoifop.png Graphic file (type png)
<use logoifop.png>
Package pdftex.def Info: logoifop.png  used on input line 5948.
(pdftex.def)             Requested size: 35.29353pt x 42.6774pt.

Package fancyhdr Warning: \footskip is too small (5.0pt): 
(fancyhdr)                Make it at least 7.875pt, for example:
(fancyhdr)                \setlength{\footskip}{7.875pt}.

[69 <./Figuras/kobe_plot.png (PNG copy)>]
Overfull \hbox (46.29802pt too wide) in alignment at lines 5950--5977
 [] [] [] [] [] [] [] [] 
 []


Overfull \hbox (46.29802pt too wide) in alignment at lines 5977--6075
 [] [] [] [] [] [] [] [] 
 []


Overfull \hbox (46.29802pt too wide) in alignment at lines 6077--6104
 [] [] [] [] [] [] [] [] 
 []


Overfull \hbox (46.29802pt too wide) in alignment at lines 6104--6202
 [] [] [] [] [] [] [] [] 
 []

LaTeX Font Info:    Font shape `T1/phv/m/it' in size <9> not available
(Font)              Font shape `T1/phv/m/sl' tried instead on input line 6209.
<Figuras/Figura_49.png, id=724, 800.7516pt x 492.1587pt>
File: Figuras/Figura_49.png Graphic file (type png)
<use Figuras/Figura_49.png>
Package pdftex.def Info: Figuras/Figura_49.png  used on input line 6256.
(pdftex.def)             Requested size: 377.63625pt x 232.10313pt.
File: logoifop.png Graphic file (type png)
<use logoifop.png>
Package pdftex.def Info: logoifop.png  used on input line 6257.
(pdftex.def)             Requested size: 35.29353pt x 42.6774pt.

Package fancyhdr Warning: \footskip is too small (5.0pt): 
(fancyhdr)                Make it at least 7.875pt, for example:
(fancyhdr)                \setlength{\footskip}{7.875pt}.

[70]
<Figuras/Figura_50.png, id=734, 800.7516pt x 492.1587pt>
File: Figuras/Figura_50.png Graphic file (type png)
<use Figuras/Figura_50.png>
Package pdftex.def Info: Figuras/Figura_50.png  used on input line 6262.
(pdftex.def)             Requested size: 377.63625pt x 232.10313pt.
<Figuras/Figura_51.png, id=735, 800.7516pt x 492.1587pt>
File: Figuras/Figura_51.png Graphic file (type png)
<use Figuras/Figura_51.png>
Package pdftex.def Info: Figuras/Figura_51.png  used on input line 6268.
(pdftex.def)             Requested size: 377.63625pt x 232.10313pt.
File: logoifop.png Graphic file (type png)
<use logoifop.png>
Package pdftex.def Info: logoifop.png  used on input line 6269.
(pdftex.def)             Requested size: 35.29353pt x 42.6774pt.

Package fancyhdr Warning: \footskip is too small (5.0pt): 
(fancyhdr)                Make it at least 7.875pt, for example:
(fancyhdr)                \setlength{\footskip}{7.875pt}.

[71 <./Figuras/figura_49.png> <./Figuras/figura_50.png>]
<Figuras/Figura_52.png, id=742, 463.7325pt x 607.51968pt>
File: Figuras/Figura_52.png Graphic file (type png)
<use Figuras/Figura_52.png>
Package pdftex.def Info: Figuras/Figura_52.png  used on input line 6289.
(pdftex.def)             Requested size: 377.63083pt x 494.72092pt.
File: logoifop.png Graphic file (type png)
<use logoifop.png>
Package pdftex.def Info: logoifop.png  used on input line 6290.
(pdftex.def)             Requested size: 35.29353pt x 42.6774pt.

Package fancyhdr Warning: \footskip is too small (5.0pt): 
(fancyhdr)                Make it at least 7.875pt, for example:
(fancyhdr)                \setlength{\footskip}{7.875pt}.

[72 <./Figuras/figura_51.png>]
File: logoifop.png Graphic file (type png)
<use logoifop.png>
Package pdftex.def Info: logoifop.png  used on input line 6312.
(pdftex.def)             Requested size: 35.29353pt x 42.6774pt.

Package fancyhdr Warning: \footskip is too small (5.0pt): 
(fancyhdr)                Make it at least 7.875pt, for example:
(fancyhdr)                \setlength{\footskip}{7.875pt}.

[73 <./Figuras/figura_52.png>]
<Figuras/Figura_53.png, id=755, 963.6pt x 532.23843pt>
File: Figuras/Figura_53.png Graphic file (type png)
<use Figuras/Figura_53.png>
Package pdftex.def Info: Figuras/Figura_53.png  used on input line 6321.
(pdftex.def)             Requested size: 377.6257pt x 208.57918pt.
<Figuras/Figura_54.png, id=756, 963.6pt x 556.32843pt>
File: Figuras/Figura_54.png Graphic file (type png)
<use Figuras/Figura_54.png>
Package pdftex.def Info: Figuras/Figura_54.png  used on input line 6327.
(pdftex.def)             Requested size: 377.6257pt x 218.01984pt.
File: logoifop.png Graphic file (type png)
<use logoifop.png>
Package pdftex.def Info: logoifop.png  used on input line 6348.
(pdftex.def)             Requested size: 35.29353pt x 42.6774pt.

Package fancyhdr Warning: \footskip is too small (5.0pt): 
(fancyhdr)                Make it at least 7.875pt, for example:
(fancyhdr)                \setlength{\footskip}{7.875pt}.

[74 <./Figuras/figura_53.png> <./Figuras/figura_54.png>]
<Figuras/Figura_55.png, id=763, 502.12593pt x 435.12563pt>
File: Figuras/Figura_55.png Graphic file (type png)
<use Figuras/Figura_55.png>
Package pdftex.def Info: Figuras/Figura_55.png  used on input line 6350.
(pdftex.def)             Requested size: 377.64319pt x 327.25302pt.
File: logoifop.png Graphic file (type png)
<use logoifop.png>
Package pdftex.def Info: logoifop.png  used on input line 6383.
(pdftex.def)             Requested size: 35.29353pt x 42.6774pt.

Package fancyhdr Warning: \footskip is too small (5.0pt): 
(fancyhdr)                Make it at least 7.67097pt, for example:
(fancyhdr)                \setlength{\footskip}{7.67097pt}.

[75 <./Figuras/figura_55.png>]
Overfull \hbox (6.00002pt too wide) in alignment at lines 6387--6396
 [] [] 
 []


Overfull \hbox (6.00002pt too wide) in alignment at lines 6396--6489
 [] [] 
 []

File: logoifop.png Graphic file (type png)
<use logoifop.png>
Package pdftex.def Info: logoifop.png  used on input line 6492.
(pdftex.def)             Requested size: 35.29353pt x 42.6774pt.

Package fancyhdr Warning: \footskip is too small (5.0pt): 
(fancyhdr)                Make it at least 7.875pt, for example:
(fancyhdr)                \setlength{\footskip}{7.875pt}.

[76]
File: logoifop.png Graphic file (type png)
<use logoifop.png>
Package pdftex.def Info: logoifop.png  used on input line 6578.
(pdftex.def)             Requested size: 35.29353pt x 42.6774pt.

Package fancyhdr Warning: \footskip is too small (5.0pt): 
(fancyhdr)                Make it at least 7.67097pt, for example:
(fancyhdr)                \setlength{\footskip}{7.67097pt}.

[77]
File: logoifop.png Graphic file (type png)
<use logoifop.png>
Package pdftex.def Info: logoifop.png  used on input line 6578.
(pdftex.def)             Requested size: 35.29353pt x 42.6774pt.

Package fancyhdr Warning: \footskip is too small (5.0pt): 
(fancyhdr)                Make it at least 7.875pt, for example:
(fancyhdr)                \setlength{\footskip}{7.875pt}.

[78]
File: logoifop.png Graphic file (type png)
<use logoifop.png>
Package pdftex.def Info: logoifop.png  used on input line 6662.
(pdftex.def)             Requested size: 35.29353pt x 42.6774pt.

Package fancyhdr Warning: \footskip is too small (5.0pt): 
(fancyhdr)                Make it at least 7.875pt, for example:
(fancyhdr)                \setlength{\footskip}{7.875pt}.

[79]
File: logoifop.png Graphic file (type png)
<use logoifop.png>
Package pdftex.def Info: logoifop.png  used on input line 6692.
(pdftex.def)             Requested size: 35.29353pt x 42.6774pt.

Package fancyhdr Warning: \footskip is too small (5.0pt): 
(fancyhdr)                Make it at least 7.875pt, for example:
(fancyhdr)                \setlength{\footskip}{7.875pt}.

[80] (./Informe_msur.aux
LaTeX Info: Redefining \. on input line 22.
LaTeX Info: Redefining \% on input line 22.
)
Package rerunfilecheck Info: File `Informe_msur.out' has not changed.
(rerunfilecheck)             Checksum: C38B1438E826787789C19BB15CCA3BC0;11319.
 ) 
Here is how much of TeX's memory you used:
 13186 strings out of 481234
 196409 string characters out of 5912143
 569483 words of memory out of 5000000
 29585 multiletter control sequences out of 15000+600000
 468475 words of font info for 84 fonts, out of 8000000 for 9000
 14 hyphenation exceptions out of 8191
 71i,15n,74p,597b,480s stack positions out of 5000i,500n,10000p,200000b,80000s
 <c:/Users/macristina.perez/AppData/Roaming/TinyTeX/texmf-var/fonts/pk/ljfour
/jknappen/ec/tcss1000.600pk>{c:/Users/macristina.perez/AppData/Roaming/TinyTeX/
texmf-dist/fonts/enc/dvips/lm/lm-mathit.enc}{c:/Users/macristina.perez/AppData/
Roaming/TinyTeX/texmf-dist/fonts/enc/dvips/lm/lm-mathex.enc}{c:/Users/macristin
a.perez/AppData/Roaming/TinyTeX/texmf-dist/fonts/enc/dvips/lm/lm-rm.enc}{c:/Use
rs/macristina.perez/AppData/Roaming/TinyTeX/texmf-dist/fonts/enc/dvips/base/8r.
enc}{c:/Users/macristina.perez/AppData/Roaming/TinyTeX/texmf-dist/fonts/enc/dvi
ps/lm/lm-ec.enc}<c:/Users/macristina.perez/AppData/Roaming/TinyTeX/texmf-dist/f
onts/type1/public/lm/lmex10.pfb><c:/Users/macristina.perez/AppData/Roaming/Tiny
TeX/texmf-dist/fonts/type1/public/lm/lmmi10.pfb><c:/Users/macristina.perez/AppD
ata/Roaming/TinyTeX/texmf-dist/fonts/type1/public/lm/lmmi7.pfb><c:/Users/macris
tina.perez/AppData/Roaming/TinyTeX/texmf-dist/fonts/type1/public/lm/lmr10.pfb><
c:/Users/macristina.perez/AppData/Roaming/TinyTeX/texmf-dist/fonts/type1/public
/lm/lmr7.pfb><c:/Users/macristina.perez/AppData/Roaming/TinyTeX/texmf-dist/font
s/type1/public/lm/lmtt10.pfb><c:/Users/macristina.perez/AppData/Roaming/TinyTeX
/texmf-dist/fonts/type1/urw/helvetic/uhvb8a.pfb><c:/Users/macristina.perez/AppD
ata/Roaming/TinyTeX/texmf-dist/fonts/type1/urw/helvetic/uhvr8a.pfb><c:/Users/ma
cristina.perez/AppData/Roaming/TinyTeX/texmf-dist/fonts/type1/urw/helvetic/uhvr
o8a.pfb>
Output written on Informe_msur.pdf (80 pages, 9711406 bytes).
PDF statistics:
 891 PDF objects out of 1000 (max. 8388607)
 699 compressed objects within 7 object streams
 241 named destinations out of 1000 (max. 500000)
 657 words of extra memory for PDF output out of 10000 (max. 10000000)

